<?xml version="1.0" encoding="UTF-8"?>
<!-- Generated by org.testng.reporters.JUnitReportReporter -->
<testsuite skipped="0" hostname="Omers-MacBook-Pro.local" name="com.qa.verizon.test.SamsungS20PageTest" tests="2" failures="0" timestamp="2020-10-05T13:52:03 EDT" time="51.468" errors="0">
  <testcase name="getPageTitle" time="13.435" classname="com.qa.verizon.test.SamsungS20PageTest"/>
  <system-out/>
  <testcase name="preOrderComponents" time="38.033" classname="com.qa.verizon.test.SamsungS20PageTest"/>
  <system-out/>
</testsuite> <!-- com.qa.verizon.test.SamsungS20PageTest -->
