<?xml version="1.0" encoding="UTF-8"?>
<!-- Generated by org.testng.reporters.JUnitReportReporter -->
<testsuite skipped="1" hostname="Omers-MacBook-Pro.local" name="com.qa.verizon.test.VerizonPlansPageTest" tests="2" failures="0" timestamp="2020-10-02T13:39:49 EDT" time="52.823" errors="0">
  <testcase name="selectPlan" time="52.823" classname="com.qa.verizon.test.VerizonPlansPageTest"/>
  <system-out/>
  <testcase name="verifyPageTitle" classname="com.qa.verizon.test.VerizonPlansPageTest">
    <skipped/>
  </testcase> <!-- verifyPageTitle -->
  <system-out/>
</testsuite> <!-- com.qa.verizon.test.VerizonPlansPageTest -->
