<?xml version="1.0" encoding="UTF-8"?>
<!-- Generated by org.testng.reporters.JUnitReportReporter -->
<testsuite skipped="0" hostname="Omers-MacBook-Pro.local" name="com.qa.verizon.test.HomePageTest" tests="2" failures="0" timestamp="2020-10-02T13:23:09 EDT" time="8.749" errors="0">
  <testcase name="verifyPageTitle" time="3.581" classname="com.qa.verizon.test.HomePageTest"/>
  <system-out/>
  <testcase name="navigateToSmartPhonePage" time="5.168" classname="com.qa.verizon.test.HomePageTest"/>
  <system-out/>
</testsuite> <!-- com.qa.verizon.test.HomePageTest -->
