<?xml version="1.0" encoding="UTF-8"?>
<!-- Generated by org.testng.reporters.JUnitReportReporter -->
<testsuite skipped="0" hostname="Omers-MacBook-Pro.local" name="com.qa.verizon.test.CustomizeYourDevicePageTest" tests="2" failures="0" timestamp="2020-10-02T13:38:30 EDT" time="86.845" errors="0">
  <testcase name="verifyPageTitle" time="38.902" classname="com.qa.verizon.test.CustomizeYourDevicePageTest"/>
  <system-out/>
  <testcase name="verifyCustomizePhoneSteps" time="47.943" classname="com.qa.verizon.test.CustomizeYourDevicePageTest"/>
  <system-out/>
</testsuite> <!-- com.qa.verizon.test.CustomizeYourDevicePageTest -->
