<?xml version="1.0" encoding="UTF-8"?>
<!-- Generated by org.testng.reporters.JUnitReportReporter -->
<testsuite skipped="0" hostname="Omers-MacBook-Pro.local" name="com.qa.verizon.test.ShoppingCartPageTest" tests="2" failures="0" timestamp="2020-10-02T14:04:37 EDT" time="108.325" errors="0">
  <testcase name="verifyCorrectPhoneSelected" time="54.211" classname="com.qa.verizon.test.ShoppingCartPageTest"/>
  <system-out/>
  <testcase name="verifyPageTitle" time="54.114" classname="com.qa.verizon.test.ShoppingCartPageTest"/>
  <system-out/>
</testsuite> <!-- com.qa.verizon.test.ShoppingCartPageTest -->
