<?xml version="1.0" encoding="UTF-8"?>
<!-- Generated by org.testng.reporters.JUnitReportReporter -->
<testsuite skipped="0" hostname="Omers-MacBook-Pro.local" name="com.qa.verizon.test.SmartPhonesPageTest" tests="2" failures="0" timestamp="2020-10-05T13:46:42 EDT" time="22.188" errors="0">
  <testcase name="getPageTitle" time="10.172" classname="com.qa.verizon.test.SmartPhonesPageTest"/>
  <system-out/>
  <testcase name="clickOnLgPhone" time="12.016" classname="com.qa.verizon.test.SmartPhonesPageTest"/>
  <system-out/>
</testsuite> <!-- com.qa.verizon.test.SmartPhonesPageTest -->
